<?xml version="1.0" encoding="utf-8"?><testsuites name="pytest tests"><testsuite name="pytest" errors="0" failures="0" skipped="0" tests="7" time="1.454" timestamp="2026-07-03T16:22:38.374186+00:00" hostname="agent-env-e017b8d6-491b-431c-afe3-e4566caabc08"><testcase classname="tests.test_api.TestContact" name="test_create_contact_message_and_persist" time="0.362" /><testcase classname="tests.test_api" name="test_root" time="0.264" /><testcase classname="tests.test_api.TestStatus" name="test_create_status_and_list" time="0.202" /><testcase classname="tests.test_api.TestContact" name="test_create_contact_no_email" time="0.154" /><testcase classname="tests.test_api.TestContact" name="test_create_contact_validation_fail" time="0.146" /><testcase classname="tests.test_api.TestContact" name="test_create_contact_empty_message" time="0.099" /><testcase classname="tests.test_api.TestContact" name="test_list_contact_returns_no_mongo_id" time="0.107" /></testsuite></testsuites>