<?xml version="1.0" encoding="utf-8"?><testsuites name="pytest tests"><testsuite name="pytest" errors="0" failures="0" skipped="0" tests="7" time="1.741" timestamp="2026-07-14T02:44:16.532784+00:00" hostname="agent-env-e017b8d6-491b-431c-afe3-e4566caabc08"><testcase classname="tests.test_api.TestContact" name="test_create_contact_message_and_persist" time="0.371" /><testcase classname="tests.test_api" name="test_root" time="0.302" /><testcase classname="tests.test_api.TestStatus" name="test_create_status_and_list" time="0.301" /><testcase classname="tests.test_api.TestContact" name="test_create_contact_no_email" time="0.173" /><testcase classname="tests.test_api.TestContact" name="test_create_contact_validation_fail" time="0.140" /><testcase classname="tests.test_api.TestContact" name="test_create_contact_empty_message" time="0.155" /><testcase classname="tests.test_api.TestContact" name="test_list_contact_returns_no_mongo_id" time="0.190" /></testsuite></testsuites>